<?xml version="1.0" encoding="UTF-8"?>
<beans xmlns="http://www.springframework.org/schema/beans"
	xmlns:context="http://www.springframework.org/schema/context"
	xmlns:xsi="http://www.w3.org/2001/XMLSchema-instance" xmlns:p="http://www.springframework.org/schema/p"
	xmlns:aop="http://www.springframework.org/schema/aop" xmlns:tx="http://www.springframework.org/schema/tx"
	xsi:schemaLocation="
	http://www.springframework.org/schema/beans http://www.springframework.org/schema/beans/spring-beans-3.0.xsd
	http://www.springframework.org/schema/context http://www.springframework.org/schema/context/spring-context-3.0.xsd
    http://www.springframework.org/schema/tx http://www.springframework.org/schema/tx/spring-tx-3.0.xsd
    http://www.springframework.org/schema/aop http://www.springframework.org/schema/aop/spring-aop-3.0.xsd">

	<context:annotation-config />
	<context:component-scan base-package="com.yeepay.g3.core.nccashier" />
	<import resource="classpath:/test-nccashier-datasource.xml" />
	<aop:aspectj-autoproxy />
	<bean id="sqlSessionFactory"
		class="com.yeepay.g3.utils.persistence.mybatis.SqlSessionFactoryBeanWapper">
		<property name="configLocation">
			<value>classpath:/nccashier-core-sqlmap/nccashier-mybatis-sqlMapConfig.xml
			</value>
		</property>
		<property name="dataSource" ref="dalDataSource" />
		<property name="mapperLocations"
			value="classpath*:nccashier-core-sqlmap/mapper/*.xml"></property>
	</bean>
	<bean id="txManager"
		class="org.springframework.jdbc.datasource.DataSourceTransactionManager">
		<property name="dataSource" ref="dalDataSource" />
	</bean>
	<tx:annotation-driven transaction-manager="txManager" />
	
	<import resource="classpath:/nccashier-core-spring/nccashier-rabbit-productor.xml" /> 
	<import resource="classpath:/nccashier-core-spring/nccashier-spring-aop.xml"/>
	<import resource="classpath:/nccashier-core-spring/nccashier-rabbit-consumer.xml" />
 </beans>